This file contains any messages produced by compilers while
running configure, to aid debugging if configure makes a mistake.

It was created by json-c configure 0.12.99, which was
generated by GNU Autoconf 2.69.  Invocation command line was

  $ ./configure 

## --------- ##
## Platform. ##
## --------- ##

hostname = jay-Lenovo-Product
uname -m = x86_64
uname -r = 3.16.0-77-generic
uname -s = Linux
uname -v = #99~14.04.1-Ubuntu SMP Tue Jun 28 19:17:10 UTC 2016

/usr/bin/uname -p = unknown
/bin/uname -X     = unknown

/bin/arch              = unknown
/usr/bin/arch -k       = unknown
/usr/convex/getsysinfo = unknown
/usr/bin/hostinfo      = unknown
/bin/machine           = unknown
/usr/bin/oslevel       = unknown
/bin/universe          = unknown

PATH: /home/jay/bin
PATH: /usr/local/sbin
PATH: /usr/local/bin
PATH: /usr/sbin
PATH: /usr/bin
PATH: /sbin
PATH: /bin
PATH: /usr/games
PATH: /usr/local/games
PATH: /home/jay/bin/
PATH: /home/jay/Software/apache-maven-3.3.3/bin
PATH: /home/jay/Software/gradle-2.10/bin
PATH: /home/jay/bin/
PATH: /home/jay/Software/apache-maven-3.3.3/bin
PATH: /home/jay/Software/scala-2.11.8/bin
PATH: /home/jay/Software/sbt/bin


## ----------- ##
## Core tests. ##
## ----------- ##

configure:2356: checking for a BSD-compatible install
configure:2424: result: /usr/bin/install -c
configure:2435: checking whether build environment is sane
configure:2490: result: yes
configure:2641: checking for a thread-safe mkdir -p
configure:2680: result: /bin/mkdir -p
configure:2687: checking for gawk
configure:2703: found /usr/bin/gawk
configure:2714: result: gawk
configure:2725: checking whether make sets $(MAKE)
configure:2747: result: yes
configure:2776: checking whether make supports nested variables
configure:2793: result: yes
configure:2919: checking whether make sets $(MAKE)
configure:2941: result: yes
configure:2966: result: RDRAND Hardware RNG Hash Seed disabled. Use --enable-rdrand to enable
configure:2982: checking whether make supports nested variables
configure:2999: result: yes
configure:3028: checking for style of include used by make
configure:3056: result: GNU
configure:3127: checking for gcc
configure:3143: found /usr/bin/gcc
configure:3154: result: gcc
configure:3383: checking for C compiler version
configure:3392: gcc --version >&5
gcc (Ubuntu 4.8.4-2ubuntu1~14.04.3) 4.8.4
Copyright (C) 2013 Free Software Foundation, Inc.
This is free software; see the source for copying conditions.  There is NO
warranty; not even for MERCHANTABILITY or FITNESS FOR A PARTICULAR PURPOSE.

configure:3403: $? = 0
configure:3392: gcc -v >&5
Using built-in specs.
COLLECT_GCC=gcc
COLLECT_LTO_WRAPPER=/usr/lib/gcc/x86_64-linux-gnu/4.8/lto-wrapper
Target: x86_64-linux-gnu
Configured with: ../src/configure -v --with-pkgversion='Ubuntu 4.8.4-2ubuntu1~14.04.3' --with-bugurl=file:///usr/share/doc/gcc-4.8/README.Bugs --enable-languages=c,c++,java,go,d,fortran,objc,obj-c++ --prefix=/usr --program-suffix=-4.8 --enable-shared --enable-linker-build-id --libexecdir=/usr/lib --without-included-gettext --enable-threads=posix --with-gxx-include-dir=/usr/include/c++/4.8 --libdir=/usr/lib --enable-nls --with-sysroot=/ --enable-clocale=gnu --enable-libstdcxx-debug --enable-libstdcxx-time=yes --enable-gnu-unique-object --disable-libmudflap --enable-plugin --with-system-zlib --disable-browser-plugin --enable-java-awt=gtk --enable-gtk-cairo --with-java-home=/usr/lib/jvm/java-1.5.0-gcj-4.8-amd64/jre --enable-java-home --with-jvm-root-dir=/usr/lib/jvm/java-1.5.0-gcj-4.8-amd64 --with-jvm-jar-dir=/usr/lib/jvm-exports/java-1.5.0-gcj-4.8-amd64 --with-arch-directory=amd64 --with-ecj-jar=/usr/share/java/eclipse-ecj.jar --enable-objc-gc --enable-multiarch --disable-werror --with-arch-32=i686 --with-abi=m64 --with-multilib-list=m32,m64,mx32 --with-tune=generic --enable-checking=release --build=x86_64-linux-gnu --host=x86_64-linux-gnu --target=x86_64-linux-gnu
Thread model: posix
gcc version 4.8.4 (Ubuntu 4.8.4-2ubuntu1~14.04.3) 
configure:3403: $? = 0
configure:3392: gcc -V >&5
gcc: error: unrecognized command line option '-V'
gcc: fatal error: no input files
compilation terminated.
configure:3403: $? = 4
configure:3392: gcc -qversion >&5
gcc: error: unrecognized command line option '-qversion'
gcc: fatal error: no input files
compilation terminated.
configure:3403: $? = 4
configure:3423: checking whether the C compiler works
configure:3445: gcc    conftest.c  >&5
configure:3449: $? = 0
configure:3497: result: yes
configure:3500: checking for C compiler default output file name
configure:3502: result: a.out
configure:3508: checking for suffix of executables
configure:3515: gcc -o conftest    conftest.c  >&5
configure:3519: $? = 0
configure:3541: result: 
configure:3563: checking whether we are cross compiling
configure:3571: gcc -o conftest    conftest.c  >&5
configure:3575: $? = 0
configure:3582: ./conftest
configure:3586: $? = 0
configure:3601: result: no
configure:3606: checking for suffix of object files
configure:3628: gcc -c   conftest.c >&5
configure:3632: $? = 0
configure:3653: result: o
configure:3657: checking whether we are using the GNU C compiler
configure:3676: gcc -c   conftest.c >&5
configure:3676: $? = 0
configure:3685: result: yes
configure:3694: checking whether gcc accepts -g
configure:3714: gcc -c -g  conftest.c >&5
configure:3714: $? = 0
configure:3755: result: yes
configure:3772: checking for gcc option to accept ISO C89
configure:3835: gcc  -c -g -O2  conftest.c >&5
configure:3835: $? = 0
configure:3848: result: none needed
configure:3873: checking whether gcc understands -c and -o together
configure:3895: gcc -c conftest.c -o conftest2.o
configure:3898: $? = 0
configure:3895: gcc -c conftest.c -o conftest2.o
configure:3898: $? = 0
configure:3910: result: yes
configure:3929: checking dependency style of gcc
configure:4040: result: gcc3
configure:4056: checking for gcc option to accept ISO C99
configure:4205: gcc  -c -g -O2  conftest.c >&5
conftest.c:61:29: error: expected ';', ',' or ')' before 'text'
 test_restrict (ccp restrict text)
                             ^
conftest.c: In function 'main':
conftest.c:115:18: error: expected '=', ',', ';', 'asm' or '__attribute__' before 'newvar'
   char *restrict newvar = "Another string";
                  ^
conftest.c:115:18: error: 'newvar' undeclared (first use in this function)
conftest.c:115:18: note: each undeclared identifier is reported only once for each function it appears in
conftest.c:125:3: error: 'for' loop initial declarations are only allowed in C99 mode
   for (int i = 0; i < ia->datasize; ++i)
   ^
conftest.c:125:3: note: use option -std=c99 or -std=gnu99 to compile your code
configure:4205: $? = 1
configure: failed program was:
| /* confdefs.h */
| #define PACKAGE_NAME "json-c"
| #define PACKAGE_TARNAME "json-c"
| #define PACKAGE_VERSION "0.12.99"
| #define PACKAGE_STRING "json-c 0.12.99"
| #define PACKAGE_BUGREPORT "json-c@googlegroups.com"
| #define PACKAGE_URL ""
| #define PACKAGE "json-c"
| #define VERSION "0.12.99"
| /* end confdefs.h.  */
| #include <stdarg.h>
| #include <stdbool.h>
| #include <stdlib.h>
| #include <wchar.h>
| #include <stdio.h>
| 
| // Check varargs macros.  These examples are taken from C99 6.10.3.5.
| #define debug(...) fprintf (stderr, __VA_ARGS__)
| #define showlist(...) puts (#__VA_ARGS__)
| #define report(test,...) ((test) ? puts (#test) : printf (__VA_ARGS__))
| static void
| test_varargs_macros (void)
| {
|   int x = 1234;
|   int y = 5678;
|   debug ("Flag");
|   debug ("X = %d\n", x);
|   showlist (The first, second, and third items.);
|   report (x>y, "x is %d but y is %d", x, y);
| }
| 
| // Check long long types.
| #define BIG64 18446744073709551615ull
| #define BIG32 4294967295ul
| #define BIG_OK (BIG64 / BIG32 == 4294967297ull && BIG64 % BIG32 == 0)
| #if !BIG_OK
|   your preprocessor is broken;
| #endif
| #if BIG_OK
| #else
|   your preprocessor is broken;
| #endif
| static long long int bignum = -9223372036854775807LL;
| static unsigned long long int ubignum = BIG64;
| 
| struct incomplete_array
| {
|   int datasize;
|   double data[];
| };
| 
| struct named_init {
|   int number;
|   const wchar_t *name;
|   double average;
| };
| 
| typedef const char *ccp;
| 
| static inline int
| test_restrict (ccp restrict text)
| {
|   // See if C++-style comments work.
|   // Iterate through items via the restricted pointer.
|   // Also check for declarations in for loops.
|   for (unsigned int i = 0; *(text+i) != '\0'; ++i)
|     continue;
|   return 0;
| }
| 
| // Check varargs and va_copy.
| static void
| test_varargs (const char *format, ...)
| {
|   va_list args;
|   va_start (args, format);
|   va_list args_copy;
|   va_copy (args_copy, args);
| 
|   const char *str;
|   int number;
|   float fnumber;
| 
|   while (*format)
|     {
|       switch (*format++)
| 	{
| 	case 's': // string
| 	  str = va_arg (args_copy, const char *);
| 	  break;
| 	case 'd': // int
| 	  number = va_arg (args_copy, int);
| 	  break;
| 	case 'f': // float
| 	  fnumber = va_arg (args_copy, double);
| 	  break;
| 	default:
| 	  break;
| 	}
|     }
|   va_end (args_copy);
|   va_end (args);
| }
| 
| int
| main ()
| {
| 
|   // Check bool.
|   _Bool success = false;
| 
|   // Check restrict.
|   if (test_restrict ("String literal") == 0)
|     success = true;
|   char *restrict newvar = "Another string";
| 
|   // Check varargs.
|   test_varargs ("s, d' f .", "string", 65, 34.234);
|   test_varargs_macros ();
| 
|   // Check flexible array members.
|   struct incomplete_array *ia =
|     malloc (sizeof (struct incomplete_array) + (sizeof (double) * 10));
|   ia->datasize = 10;
|   for (int i = 0; i < ia->datasize; ++i)
|     ia->data[i] = i * 1.234;
| 
|   // Check named initializers.
|   struct named_init ni = {
|     .number = 34,
|     .name = L"Test wide string",
|     .average = 543.34343,
|   };
| 
|   ni.number = 58;
| 
|   int dynamic_array[ni.number];
|   dynamic_array[ni.number - 1] = 543;
| 
|   // work around unused variable warnings
|   return (!success || bignum == 0LL || ubignum == 0uLL || newvar[0] == 'x'
| 	  || dynamic_array[ni.number - 1] != 543);
| 
|   ;
|   return 0;
| }
configure:4205: gcc -std=gnu99 -c -g -O2  conftest.c >&5
configure:4205: $? = 0
configure:4225: result: -std=gnu99
configure:4243: checking how to run the C preprocessor
configure:4274: gcc -std=gnu99 -E  conftest.c
configure:4274: $? = 0
configure:4288: gcc -std=gnu99 -E  conftest.c
conftest.c:11:28: fatal error: ac_nonexistent.h: No such file or directory
 #include <ac_nonexistent.h>
                            ^
compilation terminated.
configure:4288: $? = 1
configure: failed program was:
| /* confdefs.h */
| #define PACKAGE_NAME "json-c"
| #define PACKAGE_TARNAME "json-c"
| #define PACKAGE_VERSION "0.12.99"
| #define PACKAGE_STRING "json-c 0.12.99"
| #define PACKAGE_BUGREPORT "json-c@googlegroups.com"
| #define PACKAGE_URL ""
| #define PACKAGE "json-c"
| #define VERSION "0.12.99"
| /* end confdefs.h.  */
| #include <ac_nonexistent.h>
configure:4313: result: gcc -std=gnu99 -E
configure:4333: gcc -std=gnu99 -E  conftest.c
configure:4333: $? = 0
configure:4347: gcc -std=gnu99 -E  conftest.c
conftest.c:11:28: fatal error: ac_nonexistent.h: No such file or directory
 #include <ac_nonexistent.h>
                            ^
compilation terminated.
configure:4347: $? = 1
configure: failed program was:
| /* confdefs.h */
| #define PACKAGE_NAME "json-c"
| #define PACKAGE_TARNAME "json-c"
| #define PACKAGE_VERSION "0.12.99"
| #define PACKAGE_STRING "json-c 0.12.99"
| #define PACKAGE_BUGREPORT "json-c@googlegroups.com"
| #define PACKAGE_URL ""
| #define PACKAGE "json-c"
| #define VERSION "0.12.99"
| /* end confdefs.h.  */
| #include <ac_nonexistent.h>
configure:4376: checking for grep that handles long lines and -e
configure:4434: result: /bin/grep
configure:4439: checking for egrep
configure:4501: result: /bin/grep -E
configure:4506: checking for ANSI C header files
configure:4526: gcc -std=gnu99 -c -g -O2  conftest.c >&5
configure:4526: $? = 0
configure:4599: gcc -std=gnu99 -o conftest -g -O2   conftest.c  >&5
configure:4599: $? = 0
configure:4599: ./conftest
configure:4599: $? = 0
configure:4610: result: yes
configure:4623: checking for sys/types.h
configure:4623: gcc -std=gnu99 -c -g -O2  conftest.c >&5
configure:4623: $? = 0
configure:4623: result: yes
configure:4623: checking for sys/stat.h
configure:4623: gcc -std=gnu99 -c -g -O2  conftest.c >&5
configure:4623: $? = 0
configure:4623: result: yes
configure:4623: checking for stdlib.h
configure:4623: gcc -std=gnu99 -c -g -O2  conftest.c >&5
configure:4623: $? = 0
configure:4623: result: yes
configure:4623: checking for string.h
configure:4623: gcc -std=gnu99 -c -g -O2  conftest.c >&5
configure:4623: $? = 0
configure:4623: result: yes
configure:4623: checking for memory.h
configure:4623: gcc -std=gnu99 -c -g -O2  conftest.c >&5
configure:4623: $? = 0
configure:4623: result: yes
configure:4623: checking for strings.h
configure:4623: gcc -std=gnu99 -c -g -O2  conftest.c >&5
configure:4623: $? = 0
configure:4623: result: yes
configure:4623: checking for inttypes.h
configure:4623: gcc -std=gnu99 -c -g -O2  conftest.c >&5
configure:4623: $? = 0
configure:4623: result: yes
configure:4623: checking for stdint.h
configure:4623: gcc -std=gnu99 -c -g -O2  conftest.c >&5
configure:4623: $? = 0
configure:4623: result: yes
configure:4623: checking for unistd.h
configure:4623: gcc -std=gnu99 -c -g -O2  conftest.c >&5
configure:4623: $? = 0
configure:4623: result: yes
configure:4638: checking fcntl.h usability
configure:4638: gcc -std=gnu99 -c -g -O2  conftest.c >&5
configure:4638: $? = 0
configure:4638: result: yes
configure:4638: checking fcntl.h presence
configure:4638: gcc -std=gnu99 -E  conftest.c
configure:4638: $? = 0
configure:4638: result: yes
configure:4638: checking for fcntl.h
configure:4638: result: yes
configure:4638: checking limits.h usability
configure:4638: gcc -std=gnu99 -c -g -O2  conftest.c >&5
configure:4638: $? = 0
configure:4638: result: yes
configure:4638: checking limits.h presence
configure:4638: gcc -std=gnu99 -E  conftest.c
configure:4638: $? = 0
configure:4638: result: yes
configure:4638: checking for limits.h
configure:4638: result: yes
configure:4638: checking for strings.h
configure:4638: result: yes
configure:4638: checking syslog.h usability
configure:4638: gcc -std=gnu99 -c -g -O2  conftest.c >&5
configure:4638: $? = 0
configure:4638: result: yes
configure:4638: checking syslog.h presence
configure:4638: gcc -std=gnu99 -E  conftest.c
configure:4638: $? = 0
configure:4638: result: yes
configure:4638: checking for syslog.h
configure:4638: result: yes
configure:4638: checking for unistd.h
configure:4638: result: yes
configure:4638: checking sys/cdefs.h usability
configure:4638: gcc -std=gnu99 -c -g -O2  conftest.c >&5
configure:4638: $? = 0
configure:4638: result: yes
configure:4638: checking sys/cdefs.h presence
configure:4638: gcc -std=gnu99 -E  conftest.c
configure:4638: $? = 0
configure:4638: result: yes
configure:4638: checking for sys/cdefs.h
configure:4638: result: yes
configure:4638: checking sys/param.h usability
configure:4638: gcc -std=gnu99 -c -g -O2  conftest.c >&5
configure:4638: $? = 0
configure:4638: result: yes
configure:4638: checking sys/param.h presence
configure:4638: gcc -std=gnu99 -E  conftest.c
configure:4638: $? = 0
configure:4638: result: yes
configure:4638: checking for sys/param.h
configure:4638: result: yes
configure:4638: checking stdarg.h usability
configure:4638: gcc -std=gnu99 -c -g -O2  conftest.c >&5
configure:4638: $? = 0
configure:4638: result: yes
configure:4638: checking stdarg.h presence
configure:4638: gcc -std=gnu99 -E  conftest.c
configure:4638: $? = 0
configure:4638: result: yes
configure:4638: checking for stdarg.h
configure:4638: result: yes
configure:4638: checking locale.h usability
configure:4638: gcc -std=gnu99 -c -g -O2  conftest.c >&5
configure:4638: $? = 0
configure:4638: result: yes
configure:4638: checking locale.h presence
configure:4638: gcc -std=gnu99 -E  conftest.c
configure:4638: $? = 0
configure:4638: result: yes
configure:4638: checking for locale.h
configure:4638: result: yes
configure:4638: checking xlocale.h usability
configure:4638: gcc -std=gnu99 -c -g -O2  conftest.c >&5
configure:4638: $? = 0
configure:4638: result: yes
configure:4638: checking xlocale.h presence
configure:4638: gcc -std=gnu99 -E  conftest.c
configure:4638: $? = 0
configure:4638: result: yes
configure:4638: checking for xlocale.h
configure:4638: result: yes
configure:4638: checking endian.h usability
configure:4638: gcc -std=gnu99 -c -g -O2  conftest.c >&5
configure:4638: $? = 0
configure:4638: result: yes
configure:4638: checking endian.h presence
configure:4638: gcc -std=gnu99 -E  conftest.c
configure:4638: $? = 0
configure:4638: result: yes
configure:4638: checking for endian.h
configure:4638: result: yes
configure:4648: checking for inttypes.h
configure:4648: result: yes
configure:4658: checking for an ANSI C-conforming const
configure:4724: gcc -std=gnu99 -c -g -O2  conftest.c >&5
configure:4724: $? = 0
configure:4731: result: yes
configure:4739: checking for size_t
configure:4739: gcc -std=gnu99 -c -g -O2  conftest.c >&5
configure:4739: $? = 0
configure:4739: gcc -std=gnu99 -c -g -O2  conftest.c >&5
conftest.c: In function 'main':
conftest.c:69:21: error: expected expression before ')' token
 if (sizeof ((size_t)))
                     ^
configure:4739: $? = 1
configure: failed program was:
| /* confdefs.h */
| #define PACKAGE_NAME "json-c"
| #define PACKAGE_TARNAME "json-c"
| #define PACKAGE_VERSION "0.12.99"
| #define PACKAGE_STRING "json-c 0.12.99"
| #define PACKAGE_BUGREPORT "json-c@googlegroups.com"
| #define PACKAGE_URL ""
| #define PACKAGE "json-c"
| #define VERSION "0.12.99"
| #define STDC_HEADERS 1
| #define HAVE_SYS_TYPES_H 1
| #define HAVE_SYS_STAT_H 1
| #define HAVE_STDLIB_H 1
| #define HAVE_STRING_H 1
| #define HAVE_MEMORY_H 1
| #define HAVE_STRINGS_H 1
| #define HAVE_INTTYPES_H 1
| #define HAVE_STDINT_H 1
| #define HAVE_UNISTD_H 1
| #define HAVE_FCNTL_H 1
| #define HAVE_LIMITS_H 1
| #define HAVE_STRINGS_H 1
| #define HAVE_SYSLOG_H 1
| #define HAVE_UNISTD_H 1
| #define HAVE_SYS_CDEFS_H 1
| #define HAVE_SYS_PARAM_H 1
| #define HAVE_STDARG_H 1
| #define HAVE_LOCALE_H 1
| #define HAVE_XLOCALE_H 1
| #define HAVE_ENDIAN_H 1
| #define JSON_C_HAVE_INTTYPES_H 1
| /* end confdefs.h.  */
| #include <stdio.h>
| #ifdef HAVE_SYS_TYPES_H
| # include <sys/types.h>
| #endif
| #ifdef HAVE_SYS_STAT_H
| # include <sys/stat.h>
| #endif
| #ifdef STDC_HEADERS
| # include <stdlib.h>
| # include <stddef.h>
| #else
| # ifdef HAVE_STDLIB_H
| #  include <stdlib.h>
| # endif
| #endif
| #ifdef HAVE_STRING_H
| # if !defined STDC_HEADERS && defined HAVE_MEMORY_H
| #  include <memory.h>
| # endif
| # include <string.h>
| #endif
| #ifdef HAVE_STRINGS_H
| # include <strings.h>
| #endif
| #ifdef HAVE_INTTYPES_H
| # include <inttypes.h>
| #endif
| #ifdef HAVE_STDINT_H
| # include <stdint.h>
| #endif
| #ifdef HAVE_UNISTD_H
| # include <unistd.h>
| #endif
| int
| main ()
| {
| if (sizeof ((size_t)))
| 	    return 0;
|   ;
|   return 0;
| }
configure:4739: result: yes
configure:4754: checking for vprintf
configure:4754: gcc -std=gnu99 -o conftest -g -O2   conftest.c  >&5
conftest.c:56:6: warning: conflicting types for built-in function 'vprintf' [enabled by default]
 char vprintf ();
      ^
configure:4754: $? = 0
configure:4754: result: yes
configure:4760: checking for _doprnt
configure:4760: gcc -std=gnu99 -o conftest -g -O2   conftest.c  >&5
/tmp/cc3JB96W.o: In function `main':
/home/jay/git/fileserver/deps/json-c/conftest.c:68: undefined reference to `_doprnt'
collect2: error: ld returned 1 exit status
configure:4760: $? = 1
configure: failed program was:
| /* confdefs.h */
| #define PACKAGE_NAME "json-c"
| #define PACKAGE_TARNAME "json-c"
| #define PACKAGE_VERSION "0.12.99"
| #define PACKAGE_STRING "json-c 0.12.99"
| #define PACKAGE_BUGREPORT "json-c@googlegroups.com"
| #define PACKAGE_URL ""
| #define PACKAGE "json-c"
| #define VERSION "0.12.99"
| #define STDC_HEADERS 1
| #define HAVE_SYS_TYPES_H 1
| #define HAVE_SYS_STAT_H 1
| #define HAVE_STDLIB_H 1
| #define HAVE_STRING_H 1
| #define HAVE_MEMORY_H 1
| #define HAVE_STRINGS_H 1
| #define HAVE_INTTYPES_H 1
| #define HAVE_STDINT_H 1
| #define HAVE_UNISTD_H 1
| #define HAVE_FCNTL_H 1
| #define HAVE_LIMITS_H 1
| #define HAVE_STRINGS_H 1
| #define HAVE_SYSLOG_H 1
| #define HAVE_UNISTD_H 1
| #define HAVE_SYS_CDEFS_H 1
| #define HAVE_SYS_PARAM_H 1
| #define HAVE_STDARG_H 1
| #define HAVE_LOCALE_H 1
| #define HAVE_XLOCALE_H 1
| #define HAVE_ENDIAN_H 1
| #define JSON_C_HAVE_INTTYPES_H 1
| #define HAVE_VPRINTF 1
| /* end confdefs.h.  */
| /* Define _doprnt to an innocuous variant, in case <limits.h> declares _doprnt.
|    For example, HP-UX 11i <limits.h> declares gettimeofday.  */
| #define _doprnt innocuous__doprnt
| 
| /* System header to define __stub macros and hopefully few prototypes,
|     which can conflict with char _doprnt (); below.
|     Prefer <limits.h> to <assert.h> if __STDC__ is defined, since
|     <limits.h> exists even on freestanding compilers.  */
| 
| #ifdef __STDC__
| # include <limits.h>
| #else
| # include <assert.h>
| #endif
| 
| #undef _doprnt
| 
| /* Override any GCC internal prototype to avoid an error.
|    Use char because int might match the return type of a GCC
|    builtin and then its argument prototype would still apply.  */
| #ifdef __cplusplus
| extern "C"
| #endif
| char _doprnt ();
| /* The GNU C library defines this for functions which it implements
|     to always fail with ENOSYS.  Some functions are actually named
|     something starting with __ and the normal name is an alias.  */
| #if defined __stub__doprnt || defined __stub____doprnt
| choke me
| #endif
| 
| int
| main ()
| {
| return _doprnt ();
|   ;
|   return 0;
| }
configure:4760: result: no
configure:4771: checking for working memcmp
configure:4814: gcc -std=gnu99 -o conftest -g -O2   conftest.c  >&5
configure:4814: $? = 0
configure:4814: ./conftest
configure:4814: $? = 0
configure:4824: result: yes
configure:4835: checking for realloc
configure:4835: gcc -std=gnu99 -o conftest -g -O2   conftest.c  >&5
conftest.c:57:6: warning: conflicting types for built-in function 'realloc' [enabled by default]
 char realloc ();
      ^
configure:4835: $? = 0
configure:4835: result: yes
configure:4847: checking for strcasecmp
configure:4847: gcc -std=gnu99 -o conftest -g -O2   conftest.c  >&5
conftest.c:58:6: warning: conflicting types for built-in function 'strcasecmp' [enabled by default]
 char strcasecmp ();
      ^
configure:4847: $? = 0
configure:4847: result: yes
configure:4847: checking for strdup
configure:4847: gcc -std=gnu99 -o conftest -g -O2   conftest.c  >&5
conftest.c:59:6: warning: conflicting types for built-in function 'strdup' [enabled by default]
 char strdup ();
      ^
configure:4847: $? = 0
configure:4847: result: yes
configure:4847: checking for strerror
configure:4847: gcc -std=gnu99 -o conftest -g -O2   conftest.c  >&5
configure:4847: $? = 0
configure:4847: result: yes
configure:4847: checking for snprintf
configure:4847: gcc -std=gnu99 -o conftest -g -O2   conftest.c  >&5
conftest.c:61:6: warning: conflicting types for built-in function 'snprintf' [enabled by default]
 char snprintf ();
      ^
configure:4847: $? = 0
configure:4847: result: yes
configure:4847: checking for vsnprintf
configure:4847: gcc -std=gnu99 -o conftest -g -O2   conftest.c  >&5
conftest.c:62:6: warning: conflicting types for built-in function 'vsnprintf' [enabled by default]
 char vsnprintf ();
      ^
configure:4847: $? = 0
configure:4847: result: yes
configure:4847: checking for vasprintf
configure:4847: gcc -std=gnu99 -o conftest -g -O2   conftest.c  >&5
configure:4847: $? = 0
configure:4847: result: yes
configure:4847: checking for open
configure:4847: gcc -std=gnu99 -o conftest -g -O2   conftest.c  >&5
configure:4847: $? = 0
configure:4847: result: yes
configure:4847: checking for vsyslog
configure:4847: gcc -std=gnu99 -o conftest -g -O2   conftest.c  >&5
configure:4847: $? = 0
configure:4847: result: yes
configure:4847: checking for strncasecmp
configure:4847: gcc -std=gnu99 -o conftest -g -O2   conftest.c  >&5
conftest.c:66:6: warning: conflicting types for built-in function 'strncasecmp' [enabled by default]
 char strncasecmp ();
      ^
configure:4847: $? = 0
configure:4847: result: yes
configure:4847: checking for setlocale
configure:4847: gcc -std=gnu99 -o conftest -g -O2   conftest.c  >&5
configure:4847: $? = 0
configure:4847: result: yes
configure:4847: checking for uselocale
configure:4847: gcc -std=gnu99 -o conftest -g -O2   conftest.c  >&5
configure:4847: $? = 0
configure:4847: result: yes
configure:4856: checking whether INFINITY is declared
configure:4856: gcc -std=gnu99 -c -g -O2  conftest.c >&5
configure:4856: $? = 0
configure:4856: result: yes
configure:4868: checking whether nan is declared
configure:4868: gcc -std=gnu99 -c -g -O2  conftest.c >&5
configure:4868: $? = 0
configure:4868: result: yes
configure:4880: checking whether isnan is declared
configure:4880: gcc -std=gnu99 -c -g -O2  conftest.c >&5
configure:4880: $? = 0
configure:4880: result: yes
configure:4892: checking whether isinf is declared
configure:4892: gcc -std=gnu99 -c -g -O2  conftest.c >&5
configure:4892: $? = 0
configure:4892: result: yes
configure:4904: checking whether _isnan is declared
configure:4904: gcc -std=gnu99 -c -g -O2  conftest.c >&5
conftest.c: In function 'main':
conftest.c:59:10: error: '_isnan' undeclared (first use in this function)
   (void) _isnan;
          ^
conftest.c:59:10: note: each undeclared identifier is reported only once for each function it appears in
configure:4904: $? = 1
configure: failed program was:
| /* confdefs.h */
| #define PACKAGE_NAME "json-c"
| #define PACKAGE_TARNAME "json-c"
| #define PACKAGE_VERSION "0.12.99"
| #define PACKAGE_STRING "json-c 0.12.99"
| #define PACKAGE_BUGREPORT "json-c@googlegroups.com"
| #define PACKAGE_URL ""
| #define PACKAGE "json-c"
| #define VERSION "0.12.99"
| #define STDC_HEADERS 1
| #define HAVE_SYS_TYPES_H 1
| #define HAVE_SYS_STAT_H 1
| #define HAVE_STDLIB_H 1
| #define HAVE_STRING_H 1
| #define HAVE_MEMORY_H 1
| #define HAVE_STRINGS_H 1
| #define HAVE_INTTYPES_H 1
| #define HAVE_STDINT_H 1
| #define HAVE_UNISTD_H 1
| #define HAVE_FCNTL_H 1
| #define HAVE_LIMITS_H 1
| #define HAVE_STRINGS_H 1
| #define HAVE_SYSLOG_H 1
| #define HAVE_UNISTD_H 1
| #define HAVE_SYS_CDEFS_H 1
| #define HAVE_SYS_PARAM_H 1
| #define HAVE_STDARG_H 1
| #define HAVE_LOCALE_H 1
| #define HAVE_XLOCALE_H 1
| #define HAVE_ENDIAN_H 1
| #define JSON_C_HAVE_INTTYPES_H 1
| #define HAVE_VPRINTF 1
| #define HAVE_REALLOC 1
| #define HAVE_STRCASECMP 1
| #define HAVE_STRDUP 1
| #define HAVE_STRERROR 1
| #define HAVE_SNPRINTF 1
| #define HAVE_VSNPRINTF 1
| #define HAVE_VASPRINTF 1
| #define HAVE_OPEN 1
| #define HAVE_VSYSLOG 1
| #define HAVE_STRNCASECMP 1
| #define HAVE_SETLOCALE 1
| #define HAVE_USELOCALE 1
| #define HAVE_DECL_INFINITY 1
| #define HAVE_DECL_NAN 1
| #define HAVE_DECL_ISNAN 1
| #define HAVE_DECL_ISINF 1
| /* end confdefs.h.  */
| #include <float.h>
| 
| int
| main ()
| {
| #ifndef _isnan
| #ifdef __cplusplus
|   (void) _isnan;
| #else
|   (void) _isnan;
| #endif
| #endif
| 
|   ;
|   return 0;
| }
configure:4904: result: no
configure:4916: checking whether _finite is declared
configure:4916: gcc -std=gnu99 -c -g -O2  conftest.c >&5
conftest.c: In function 'main':
conftest.c:60:10: error: '_finite' undeclared (first use in this function)
   (void) _finite;
          ^
conftest.c:60:10: note: each undeclared identifier is reported only once for each function it appears in
configure:4916: $? = 1
configure: failed program was:
| /* confdefs.h */
| #define PACKAGE_NAME "json-c"
| #define PACKAGE_TARNAME "json-c"
| #define PACKAGE_VERSION "0.12.99"
| #define PACKAGE_STRING "json-c 0.12.99"
| #define PACKAGE_BUGREPORT "json-c@googlegroups.com"
| #define PACKAGE_URL ""
| #define PACKAGE "json-c"
| #define VERSION "0.12.99"
| #define STDC_HEADERS 1
| #define HAVE_SYS_TYPES_H 1
| #define HAVE_SYS_STAT_H 1
| #define HAVE_STDLIB_H 1
| #define HAVE_STRING_H 1
| #define HAVE_MEMORY_H 1
| #define HAVE_STRINGS_H 1
| #define HAVE_INTTYPES_H 1
| #define HAVE_STDINT_H 1
| #define HAVE_UNISTD_H 1
| #define HAVE_FCNTL_H 1
| #define HAVE_LIMITS_H 1
| #define HAVE_STRINGS_H 1
| #define HAVE_SYSLOG_H 1
| #define HAVE_UNISTD_H 1
| #define HAVE_SYS_CDEFS_H 1
| #define HAVE_SYS_PARAM_H 1
| #define HAVE_STDARG_H 1
| #define HAVE_LOCALE_H 1
| #define HAVE_XLOCALE_H 1
| #define HAVE_ENDIAN_H 1
| #define JSON_C_HAVE_INTTYPES_H 1
| #define HAVE_VPRINTF 1
| #define HAVE_REALLOC 1
| #define HAVE_STRCASECMP 1
| #define HAVE_STRDUP 1
| #define HAVE_STRERROR 1
| #define HAVE_SNPRINTF 1
| #define HAVE_VSNPRINTF 1
| #define HAVE_VASPRINTF 1
| #define HAVE_OPEN 1
| #define HAVE_VSYSLOG 1
| #define HAVE_STRNCASECMP 1
| #define HAVE_SETLOCALE 1
| #define HAVE_USELOCALE 1
| #define HAVE_DECL_INFINITY 1
| #define HAVE_DECL_NAN 1
| #define HAVE_DECL_ISNAN 1
| #define HAVE_DECL_ISINF 1
| #define HAVE_DECL__ISNAN 0
| /* end confdefs.h.  */
| #include <float.h>
| 
| int
| main ()
| {
| #ifndef _finite
| #ifdef __cplusplus
|   (void) _finite;
| #else
|   (void) _finite;
| #endif
| #endif
| 
|   ;
|   return 0;
| }
configure:4916: result: no
configure:4941: gcc -std=gnu99 -o conftest -g -O2   conftest.c  >&5
configure:4941: $? = 0
configure:4958: checking if .gnu.warning accepts long strings
configure:4969: gcc -std=gnu99 -o conftest -g -O2   conftest.c  >&5
/tmp/cc5pNYxl.s: Assembler messages:
/tmp/cc5pNYxl.s:5: Error: character following name is not '#'
configure:4969: $? = 1
configure: failed program was:
| /* confdefs.h */
| #define PACKAGE_NAME "json-c"
| #define PACKAGE_TARNAME "json-c"
| #define PACKAGE_VERSION "0.12.99"
| #define PACKAGE_STRING "json-c 0.12.99"
| #define PACKAGE_BUGREPORT "json-c@googlegroups.com"
| #define PACKAGE_URL ""
| #define PACKAGE "json-c"
| #define VERSION "0.12.99"
| #define STDC_HEADERS 1
| #define HAVE_SYS_TYPES_H 1
| #define HAVE_SYS_STAT_H 1
| #define HAVE_STDLIB_H 1
| #define HAVE_STRING_H 1
| #define HAVE_MEMORY_H 1
| #define HAVE_STRINGS_H 1
| #define HAVE_INTTYPES_H 1
| #define HAVE_STDINT_H 1
| #define HAVE_UNISTD_H 1
| #define HAVE_FCNTL_H 1
| #define HAVE_LIMITS_H 1
| #define HAVE_STRINGS_H 1
| #define HAVE_SYSLOG_H 1
| #define HAVE_UNISTD_H 1
| #define HAVE_SYS_CDEFS_H 1
| #define HAVE_SYS_PARAM_H 1
| #define HAVE_STDARG_H 1
| #define HAVE_LOCALE_H 1
| #define HAVE_XLOCALE_H 1
| #define HAVE_ENDIAN_H 1
| #define JSON_C_HAVE_INTTYPES_H 1
| #define HAVE_VPRINTF 1
| #define HAVE_REALLOC 1
| #define HAVE_STRCASECMP 1
| #define HAVE_STRDUP 1
| #define HAVE_STRERROR 1
| #define HAVE_SNPRINTF 1
| #define HAVE_VSNPRINTF 1
| #define HAVE_VASPRINTF 1
| #define HAVE_OPEN 1
| #define HAVE_VSYSLOG 1
| #define HAVE_STRNCASECMP 1
| #define HAVE_SETLOCALE 1
| #define HAVE_USELOCALE 1
| #define HAVE_DECL_INFINITY 1
| #define HAVE_DECL_NAN 1
| #define HAVE_DECL_ISNAN 1
| #define HAVE_DECL_ISINF 1
| #define HAVE_DECL__ISNAN 0
| #define HAVE_DECL__FINITE 0
| /* end confdefs.h.  */
| 
| extern void json_object_get();
| __asm__(".section .gnu.json_object_get,\n\t.ascii \"Please link against libjson-c instead of libjson\"\n\t.text");
| 
| int main(int c,char* v) {return 0;}
| 
configure:4979: result: no
configure:5022: checking build system type
configure:5036: result: x86_64-unknown-linux-gnu
configure:5056: checking host system type
configure:5069: result: x86_64-unknown-linux-gnu
configure:5110: checking how to print strings
configure:5137: result: printf
configure:5158: checking for a sed that does not truncate output
configure:5222: result: /bin/sed
configure:5240: checking for fgrep
configure:5302: result: /bin/grep -F
configure:5337: checking for ld used by gcc -std=gnu99
configure:5404: result: /usr/bin/ld
configure:5411: checking if the linker (/usr/bin/ld) is GNU ld
configure:5426: result: yes
configure:5438: checking for BSD- or MS-compatible name lister (nm)
configure:5487: result: /usr/bin/nm -B
configure:5617: checking the name lister (/usr/bin/nm -B) interface
configure:5624: gcc -std=gnu99 -c -g -O2  conftest.c >&5
configure:5627: /usr/bin/nm -B "conftest.o"
configure:5630: output
0000000000000000 B some_variable
configure:5637: result: BSD nm
configure:5640: checking whether ln -s works
configure:5644: result: yes
configure:5652: checking the maximum length of command line arguments
configure:5783: result: 1572864
configure:5800: checking whether the shell understands some XSI constructs
configure:5810: result: yes
configure:5814: checking whether the shell understands "+="
configure:5820: result: yes
configure:5855: checking how to convert x86_64-unknown-linux-gnu file names to x86_64-unknown-linux-gnu format
configure:5895: result: func_convert_file_noop
configure:5902: checking how to convert x86_64-unknown-linux-gnu file names to toolchain format
configure:5922: result: func_convert_file_noop
configure:5929: checking for /usr/bin/ld option to reload object files
configure:5936: result: -r
configure:6010: checking for objdump
configure:6026: found /usr/bin/objdump
configure:6037: result: objdump
configure:6069: checking how to recognize dependent libraries
configure:6267: result: pass_all
configure:6352: checking for dlltool
configure:6382: result: no
configure:6412: checking how to associate runtime and link libraries
configure:6439: result: printf %s\n
configure:6499: checking for ar
configure:6515: found /usr/bin/ar
configure:6526: result: ar
configure:6563: checking for archiver @FILE support
configure:6580: gcc -std=gnu99 -c -g -O2  conftest.c >&5
configure:6580: $? = 0
configure:6583: ar cru libconftest.a @conftest.lst >&5
configure:6586: $? = 0
configure:6591: ar cru libconftest.a @conftest.lst >&5
ar: conftest.o: No such file or directory
configure:6594: $? = 1
configure:6606: result: @
configure:6664: checking for strip
configure:6680: found /usr/bin/strip
configure:6691: result: strip
configure:6763: checking for ranlib
configure:6779: found /usr/bin/ranlib
configure:6790: result: ranlib
configure:6892: checking command to parse /usr/bin/nm -B output from gcc -std=gnu99 object
configure:7012: gcc -std=gnu99 -c -g -O2  conftest.c >&5
configure:7015: $? = 0
configure:7019: /usr/bin/nm -B conftest.o \| sed -n -e 's/^.*[ ]\([ABCDGIRSTW][ABCDGIRSTW]*\)[ ][ ]*\([_A-Za-z][_A-Za-z0-9]*\)$/\1 \2 \2/p' | sed '/ __gnu_lto/d' \> conftest.nm
configure:7022: $? = 0
configure:7088: gcc -std=gnu99 -o conftest -g -O2   conftest.c conftstm.o >&5
configure:7091: $? = 0
configure:7129: result: ok
configure:7166: checking for sysroot
configure:7196: result: no
configure:7273: gcc -std=gnu99 -c -g -O2  conftest.c >&5
configure:7276: $? = 0
configure:7465: checking for mt
configure:7481: found /bin/mt
configure:7492: result: mt
configure:7515: checking if mt is a manifest tool
configure:7521: mt '-?'
configure:7529: result: no
configure:8168: checking for dlfcn.h
configure:8168: gcc -std=gnu99 -c -g -O2  conftest.c >&5
configure:8168: $? = 0
configure:8168: result: yes
configure:8374: checking for objdir
configure:8389: result: .libs
configure:8656: checking if gcc -std=gnu99 supports -fno-rtti -fno-exceptions
configure:8674: gcc -std=gnu99 -c -g -O2  -fno-rtti -fno-exceptions conftest.c >&5
cc1: warning: command line option '-fno-rtti' is valid for C++/ObjC++ but not for C [enabled by default]
configure:8678: $? = 0
configure:8691: result: no
configure:9018: checking for gcc -std=gnu99 option to produce PIC
configure:9025: result: -fPIC -DPIC
configure:9033: checking if gcc -std=gnu99 PIC flag -fPIC -DPIC works
configure:9051: gcc -std=gnu99 -c -g -O2  -fPIC -DPIC -DPIC conftest.c >&5
configure:9055: $? = 0
configure:9068: result: yes
configure:9097: checking if gcc -std=gnu99 static flag -static works
configure:9125: result: yes
configure:9140: checking if gcc -std=gnu99 supports -c -o file.o
configure:9161: gcc -std=gnu99 -c -g -O2  -o out/conftest2.o conftest.c >&5
configure:9165: $? = 0
configure:9187: result: yes
configure:9195: checking if gcc -std=gnu99 supports -c -o file.o
configure:9242: result: yes
configure:9275: checking whether the gcc -std=gnu99 linker (/usr/bin/ld) supports shared libraries
configure:10432: result: yes
configure:10469: checking whether -lc should be explicitly linked in
configure:10477: gcc -std=gnu99 -c -g -O2  conftest.c >&5
configure:10480: $? = 0
configure:10495: gcc -std=gnu99 -shared  -fPIC -DPIC conftest.o  -v -Wl,-soname -Wl,conftest -o conftest 2\>\&1 \| /bin/grep  -lc  \>/dev/null 2\>\&1
configure:10498: $? = 0
configure:10512: result: no
configure:10672: checking dynamic linker characteristics
configure:11172: gcc -std=gnu99 -o conftest -g -O2   -Wl,-rpath -Wl,/foo conftest.c  >&5
configure:11172: $? = 0
configure:11406: result: GNU/Linux ld.so
configure:11513: checking how to hardcode library paths into programs
configure:11538: result: immediate
configure:12078: checking whether stripping libraries is possible
configure:12083: result: yes
configure:12118: checking if libtool supports shared libraries
configure:12120: result: yes
configure:12123: checking whether to build shared libraries
configure:12144: result: yes
configure:12147: checking whether to build static libraries
configure:12151: result: yes
configure:12201: checking for -Bsymbolic-functions linker flag
configure:12215: gcc -std=gnu99 -o conftest -g -O2  -Wl,-Bsymbolic-functions conftest.c  >&5
configure:12215: $? = 0
configure:12217: result: yes
configure:12245: checking whether C compiler accepts -Wall
configure:12264: gcc -std=gnu99 -c -g -O2  -Wall  conftest.c >&5
configure:12264: $? = 0
configure:12273: result: yes
configure:12289: : CFLAGS="$CFLAGS"
configure:12292: $? = 0
configure:12245: checking whether C compiler accepts -Werror
configure:12264: gcc -std=gnu99 -c -g -O2 -Wall  -Werror  conftest.c >&5
configure:12264: $? = 0
configure:12273: result: yes
configure:12289: : CFLAGS="$CFLAGS"
configure:12292: $? = 0
configure:12245: checking whether C compiler accepts -Wcast-qual
configure:12264: gcc -std=gnu99 -c -g -O2 -Wall -Werror  -Wcast-qual  conftest.c >&5
configure:12264: $? = 0
configure:12273: result: yes
configure:12289: : CFLAGS="$CFLAGS"
configure:12292: $? = 0
configure:12245: checking whether C compiler accepts -Wno-error=deprecated-declarations
configure:12264: gcc -std=gnu99 -c -g -O2 -Wall -Werror -Wcast-qual  -Wno-error=deprecated-declarations  conftest.c >&5
configure:12264: $? = 0
configure:12273: result: yes
configure:12289: : CFLAGS="$CFLAGS"
configure:12292: $? = 0
configure:12320: checking whether C compiler accepts -Wextra
configure:12339: gcc -std=gnu99 -c -g -O2 -Wall -Werror -Wcast-qual -Wno-error=deprecated-declarations  -Wextra  conftest.c >&5
configure:12339: $? = 0
configure:12348: result: yes
configure:12364: : CFLAGS="$CFLAGS"
configure:12367: $? = 0
configure:12320: checking whether C compiler accepts -Wwrite-string
configure:12339: gcc -std=gnu99 -c -g -O2 -Wall -Werror -Wcast-qual -Wno-error=deprecated-declarations -Wextra  -Wwrite-string  conftest.c >&5
gcc: error: unrecognized command line option '-Wwrite-string'
configure:12339: $? = 1
configure: failed program was:
| /* confdefs.h */
| #define PACKAGE_NAME "json-c"
| #define PACKAGE_TARNAME "json-c"
| #define PACKAGE_VERSION "0.12.99"
| #define PACKAGE_STRING "json-c 0.12.99"
| #define PACKAGE_BUGREPORT "json-c@googlegroups.com"
| #define PACKAGE_URL ""
| #define PACKAGE "json-c"
| #define VERSION "0.12.99"
| #define STDC_HEADERS 1
| #define HAVE_SYS_TYPES_H 1
| #define HAVE_SYS_STAT_H 1
| #define HAVE_STDLIB_H 1
| #define HAVE_STRING_H 1
| #define HAVE_MEMORY_H 1
| #define HAVE_STRINGS_H 1
| #define HAVE_INTTYPES_H 1
| #define HAVE_STDINT_H 1
| #define HAVE_UNISTD_H 1
| #define HAVE_FCNTL_H 1
| #define HAVE_LIMITS_H 1
| #define HAVE_STRINGS_H 1
| #define HAVE_SYSLOG_H 1
| #define HAVE_UNISTD_H 1
| #define HAVE_SYS_CDEFS_H 1
| #define HAVE_SYS_PARAM_H 1
| #define HAVE_STDARG_H 1
| #define HAVE_LOCALE_H 1
| #define HAVE_XLOCALE_H 1
| #define HAVE_ENDIAN_H 1
| #define JSON_C_HAVE_INTTYPES_H 1
| #define HAVE_VPRINTF 1
| #define HAVE_REALLOC 1
| #define HAVE_STRCASECMP 1
| #define HAVE_STRDUP 1
| #define HAVE_STRERROR 1
| #define HAVE_SNPRINTF 1
| #define HAVE_VSNPRINTF 1
| #define HAVE_VASPRINTF 1
| #define HAVE_OPEN 1
| #define HAVE_VSYSLOG 1
| #define HAVE_STRNCASECMP 1
| #define HAVE_SETLOCALE 1
| #define HAVE_USELOCALE 1
| #define HAVE_DECL_INFINITY 1
| #define HAVE_DECL_NAN 1
| #define HAVE_DECL_ISNAN 1
| #define HAVE_DECL_ISINF 1
| #define HAVE_DECL__ISNAN 0
| #define HAVE_DECL__FINITE 0
| #define HAVE_DLFCN_H 1
| #define LT_OBJDIR ".libs/"
| /* end confdefs.h.  */
| 
| int
| main ()
| {
| 
|   ;
|   return 0;
| }
configure:12348: result: no
configure:12320: checking whether C compiler accepts -Wno-unused-parameter
configure:12339: gcc -std=gnu99 -c -g -O2 -Wall -Werror -Wcast-qual -Wno-error=deprecated-declarations -Wextra  -Wno-unused-parameter  conftest.c >&5
configure:12339: $? = 0
configure:12348: result: yes
configure:12364: : CFLAGS="$CFLAGS"
configure:12367: $? = 0
configure:12395: checking whether C compiler accepts -D_GNU_SOURCE
configure:12414: gcc -std=gnu99 -c -g -O2 -Wall -Werror -Wcast-qual -Wno-error=deprecated-declarations -Wextra -Wno-unused-parameter  -D_GNU_SOURCE  conftest.c >&5
configure:12414: $? = 0
configure:12423: result: yes
configure:12439: : CFLAGS="$CFLAGS"
configure:12442: $? = 0
configure:12395: checking whether C compiler accepts -D_REENTRANT
configure:12414: gcc -std=gnu99 -c -g -O2 -Wall -Werror -Wcast-qual -Wno-error=deprecated-declarations -Wextra -Wno-unused-parameter -D_GNU_SOURCE  -D_REENTRANT  conftest.c >&5
configure:12414: $? = 0
configure:12423: result: yes
configure:12439: : CFLAGS="$CFLAGS"
configure:12442: $? = 0
configure:12465: checking size of int
configure:12485: gcc -std=gnu99 -c -g -O2 -Wall -Werror -Wcast-qual -Wno-error=deprecated-declarations -Wextra -Wno-unused-parameter -D_GNU_SOURCE -D_REENTRANT  conftest.c >&5
configure:12485: $? = 0
configure:12497: result: 4
configure:12505: checking size of long
configure:12525: gcc -std=gnu99 -c -g -O2 -Wall -Werror -Wcast-qual -Wno-error=deprecated-declarations -Wextra -Wno-unused-parameter -D_GNU_SOURCE -D_REENTRANT  conftest.c >&5
conftest.c: In function 'main':
conftest.c:62:20: error: duplicate case value
 switch (0) case 0: case (sizeof (long) == 4):;
                    ^
conftest.c:62:12: error: previously used here
 switch (0) case 0: case (sizeof (long) == 4):;
            ^
configure:12525: $? = 1
configure: failed program was:
| /* confdefs.h */
| #define PACKAGE_NAME "json-c"
| #define PACKAGE_TARNAME "json-c"
| #define PACKAGE_VERSION "0.12.99"
| #define PACKAGE_STRING "json-c 0.12.99"
| #define PACKAGE_BUGREPORT "json-c@googlegroups.com"
| #define PACKAGE_URL ""
| #define PACKAGE "json-c"
| #define VERSION "0.12.99"
| #define STDC_HEADERS 1
| #define HAVE_SYS_TYPES_H 1
| #define HAVE_SYS_STAT_H 1
| #define HAVE_STDLIB_H 1
| #define HAVE_STRING_H 1
| #define HAVE_MEMORY_H 1
| #define HAVE_STRINGS_H 1
| #define HAVE_INTTYPES_H 1
| #define HAVE_STDINT_H 1
| #define HAVE_UNISTD_H 1
| #define HAVE_FCNTL_H 1
| #define HAVE_LIMITS_H 1
| #define HAVE_STRINGS_H 1
| #define HAVE_SYSLOG_H 1
| #define HAVE_UNISTD_H 1
| #define HAVE_SYS_CDEFS_H 1
| #define HAVE_SYS_PARAM_H 1
| #define HAVE_STDARG_H 1
| #define HAVE_LOCALE_H 1
| #define HAVE_XLOCALE_H 1
| #define HAVE_ENDIAN_H 1
| #define JSON_C_HAVE_INTTYPES_H 1
| #define HAVE_VPRINTF 1
| #define HAVE_REALLOC 1
| #define HAVE_STRCASECMP 1
| #define HAVE_STRDUP 1
| #define HAVE_STRERROR 1
| #define HAVE_SNPRINTF 1
| #define HAVE_VSNPRINTF 1
| #define HAVE_VASPRINTF 1
| #define HAVE_OPEN 1
| #define HAVE_VSYSLOG 1
| #define HAVE_STRNCASECMP 1
| #define HAVE_SETLOCALE 1
| #define HAVE_USELOCALE 1
| #define HAVE_DECL_INFINITY 1
| #define HAVE_DECL_NAN 1
| #define HAVE_DECL_ISNAN 1
| #define HAVE_DECL_ISINF 1
| #define HAVE_DECL__ISNAN 0
| #define HAVE_DECL__FINITE 0
| #define HAVE_DLFCN_H 1
| #define LT_OBJDIR ".libs/"
| #define SIZEOF_INT 4
| /* end confdefs.h.  */
| #include "confdefs.h"
| #include <sys/types.h>
| 
| 
| int
| main ()
| {
| switch (0) case 0: case (sizeof (long) == 4):;
|   ;
|   return 0;
| }
configure:12525: gcc -std=gnu99 -c -g -O2 -Wall -Werror -Wcast-qual -Wno-error=deprecated-declarations -Wextra -Wno-unused-parameter -D_GNU_SOURCE -D_REENTRANT  conftest.c >&5
configure:12525: $? = 0
configure:12537: result: 8
configure:12545: checking size of size_t
configure:12565: gcc -std=gnu99 -c -g -O2 -Wall -Werror -Wcast-qual -Wno-error=deprecated-declarations -Wextra -Wno-unused-parameter -D_GNU_SOURCE -D_REENTRANT  conftest.c >&5
conftest.c: In function 'main':
conftest.c:63:20: error: duplicate case value
 switch (0) case 0: case (sizeof (size_t) == 4):;
                    ^
conftest.c:63:12: error: previously used here
 switch (0) case 0: case (sizeof (size_t) == 4):;
            ^
configure:12565: $? = 1
configure: failed program was:
| /* confdefs.h */
| #define PACKAGE_NAME "json-c"
| #define PACKAGE_TARNAME "json-c"
| #define PACKAGE_VERSION "0.12.99"
| #define PACKAGE_STRING "json-c 0.12.99"
| #define PACKAGE_BUGREPORT "json-c@googlegroups.com"
| #define PACKAGE_URL ""
| #define PACKAGE "json-c"
| #define VERSION "0.12.99"
| #define STDC_HEADERS 1
| #define HAVE_SYS_TYPES_H 1
| #define HAVE_SYS_STAT_H 1
| #define HAVE_STDLIB_H 1
| #define HAVE_STRING_H 1
| #define HAVE_MEMORY_H 1
| #define HAVE_STRINGS_H 1
| #define HAVE_INTTYPES_H 1
| #define HAVE_STDINT_H 1
| #define HAVE_UNISTD_H 1
| #define HAVE_FCNTL_H 1
| #define HAVE_LIMITS_H 1
| #define HAVE_STRINGS_H 1
| #define HAVE_SYSLOG_H 1
| #define HAVE_UNISTD_H 1
| #define HAVE_SYS_CDEFS_H 1
| #define HAVE_SYS_PARAM_H 1
| #define HAVE_STDARG_H 1
| #define HAVE_LOCALE_H 1
| #define HAVE_XLOCALE_H 1
| #define HAVE_ENDIAN_H 1
| #define JSON_C_HAVE_INTTYPES_H 1
| #define HAVE_VPRINTF 1
| #define HAVE_REALLOC 1
| #define HAVE_STRCASECMP 1
| #define HAVE_STRDUP 1
| #define HAVE_STRERROR 1
| #define HAVE_SNPRINTF 1
| #define HAVE_VSNPRINTF 1
| #define HAVE_VASPRINTF 1
| #define HAVE_OPEN 1
| #define HAVE_VSYSLOG 1
| #define HAVE_STRNCASECMP 1
| #define HAVE_SETLOCALE 1
| #define HAVE_USELOCALE 1
| #define HAVE_DECL_INFINITY 1
| #define HAVE_DECL_NAN 1
| #define HAVE_DECL_ISNAN 1
| #define HAVE_DECL_ISINF 1
| #define HAVE_DECL__ISNAN 0
| #define HAVE_DECL__FINITE 0
| #define HAVE_DLFCN_H 1
| #define LT_OBJDIR ".libs/"
| #define SIZEOF_INT 4
| #define SIZEOF_LONG 8
| /* end confdefs.h.  */
| #include "confdefs.h"
| #include <sys/types.h>
| #include <stdint.h>
| 
| int
| main ()
| {
| switch (0) case 0: case (sizeof (size_t) == 4):;
|   ;
|   return 0;
| }
configure:12565: gcc -std=gnu99 -c -g -O2 -Wall -Werror -Wcast-qual -Wno-error=deprecated-declarations -Wextra -Wno-unused-parameter -D_GNU_SOURCE -D_REENTRANT  conftest.c >&5
configure:12565: $? = 0
configure:12577: result: 8
configure:12698: checking that generated files are newer than configure
configure:12704: result: done
configure:12727: creating ./config.status

## ---------------------- ##
## Running config.status. ##
## ---------------------- ##

This file was extended by json-c config.status 0.12.99, which was
generated by GNU Autoconf 2.69.  Invocation command line was

  CONFIG_FILES    = 
  CONFIG_HEADERS  = 
  CONFIG_LINKS    = 
  CONFIG_COMMANDS = 
  $ ./config.status 

on jay-Lenovo-Product

config.status:1119: creating Makefile
config.status:1119: creating json-c.pc
config.status:1119: creating tests/Makefile
config.status:1119: creating json-c-uninstalled.pc
config.status:1119: creating config.h
config.status:1300: config.h is unchanged
config.status:1119: creating json_config.h
config.status:1300: json_config.h is unchanged
config.status:1348: executing depfiles commands
config.status:1348: executing libtool commands

## ---------------- ##
## Cache variables. ##
## ---------------- ##

ac_cv_build=x86_64-unknown-linux-gnu
ac_cv_c_compiler_gnu=yes
ac_cv_c_const=yes
ac_cv_env_CC_set=
ac_cv_env_CC_value=
ac_cv_env_CFLAGS_set=
ac_cv_env_CFLAGS_value=
ac_cv_env_CPPFLAGS_set=
ac_cv_env_CPPFLAGS_value=
ac_cv_env_CPP_set=
ac_cv_env_CPP_value=
ac_cv_env_LDFLAGS_set=
ac_cv_env_LDFLAGS_value=
ac_cv_env_LIBS_set=
ac_cv_env_LIBS_value=
ac_cv_env_build_alias_set=
ac_cv_env_build_alias_value=
ac_cv_env_host_alias_set=
ac_cv_env_host_alias_value=
ac_cv_env_target_alias_set=
ac_cv_env_target_alias_value=
ac_cv_func__doprnt=no
ac_cv_func_memcmp_working=yes
ac_cv_func_open=yes
ac_cv_func_realloc=yes
ac_cv_func_setlocale=yes
ac_cv_func_snprintf=yes
ac_cv_func_strcasecmp=yes
ac_cv_func_strdup=yes
ac_cv_func_strerror=yes
ac_cv_func_strncasecmp=yes
ac_cv_func_uselocale=yes
ac_cv_func_vasprintf=yes
ac_cv_func_vprintf=yes
ac_cv_func_vsnprintf=yes
ac_cv_func_vsyslog=yes
ac_cv_have_decl_INFINITY=yes
ac_cv_have_decl__finite=no
ac_cv_have_decl__isnan=no
ac_cv_have_decl_isinf=yes
ac_cv_have_decl_isnan=yes
ac_cv_have_decl_nan=yes
ac_cv_header_dlfcn_h=yes
ac_cv_header_endian_h=yes
ac_cv_header_fcntl_h=yes
ac_cv_header_inttypes_h=yes
ac_cv_header_limits_h=yes
ac_cv_header_locale_h=yes
ac_cv_header_memory_h=yes
ac_cv_header_stdarg_h=yes
ac_cv_header_stdc=yes
ac_cv_header_stdint_h=yes
ac_cv_header_stdlib_h=yes
ac_cv_header_string_h=yes
ac_cv_header_strings_h=yes
ac_cv_header_sys_cdefs_h=yes
ac_cv_header_sys_param_h=yes
ac_cv_header_sys_stat_h=yes
ac_cv_header_sys_types_h=yes
ac_cv_header_syslog_h=yes
ac_cv_header_unistd_h=yes
ac_cv_header_xlocale_h=yes
ac_cv_host=x86_64-unknown-linux-gnu
ac_cv_objext=o
ac_cv_path_EGREP='/bin/grep -E'
ac_cv_path_FGREP='/bin/grep -F'
ac_cv_path_GREP=/bin/grep
ac_cv_path_SED=/bin/sed
ac_cv_path_install='/usr/bin/install -c'
ac_cv_path_mkdir=/bin/mkdir
ac_cv_prog_AWK=gawk
ac_cv_prog_CPP='gcc -std=gnu99 -E'
ac_cv_prog_ac_ct_AR=ar
ac_cv_prog_ac_ct_CC=gcc
ac_cv_prog_ac_ct_MANIFEST_TOOL=mt
ac_cv_prog_ac_ct_OBJDUMP=objdump
ac_cv_prog_ac_ct_RANLIB=ranlib
ac_cv_prog_ac_ct_STRIP=strip
ac_cv_prog_cc_c89=
ac_cv_prog_cc_c99=-std=gnu99
ac_cv_prog_cc_g=yes
ac_cv_prog_make_make_set=yes
ac_cv_sizeof_int=4
ac_cv_sizeof_long=8
ac_cv_sizeof_size_t=8
ac_cv_type_size_t=yes
am_cv_CC_dependencies_compiler_type=gcc3
am_cv_make_support_nested_variables=yes
am_cv_prog_cc_c_o=yes
ax_cv_check_cflags___D_GNU_SOURCE=yes
ax_cv_check_cflags___D_REENTRANT=yes
ax_cv_check_cflags___Wall=yes
ax_cv_check_cflags___Wcast_qual=yes
ax_cv_check_cflags___Werror=yes
ax_cv_check_cflags___Wextra=yes
ax_cv_check_cflags___Wno_error_deprecated_declarations=yes
ax_cv_check_cflags___Wno_unused_parameter=yes
ax_cv_check_cflags___Wwrite_string=no
lt_cv_ar_at_file=@
lt_cv_archive_cmds_need_lc=no
lt_cv_deplibs_check_method=pass_all
lt_cv_file_magic_cmd='$MAGIC_CMD'
lt_cv_file_magic_test_file=
lt_cv_ld_reload_flag=-r
lt_cv_nm_interface='BSD nm'
lt_cv_objdir=.libs
lt_cv_path_LD=/usr/bin/ld
lt_cv_path_NM='/usr/bin/nm -B'
lt_cv_path_mainfest_tool=no
lt_cv_prog_compiler_c_o=yes
lt_cv_prog_compiler_pic='-fPIC -DPIC'
lt_cv_prog_compiler_pic_works=yes
lt_cv_prog_compiler_rtti_exceptions=no
lt_cv_prog_compiler_static_works=yes
lt_cv_prog_gnu_ld=yes
lt_cv_sharedlib_from_linklib_cmd='printf %s\n'
lt_cv_shlibpath_overrides_runpath=no
lt_cv_sys_global_symbol_pipe='sed -n -e '\''s/^.*[	 ]\([ABCDGIRSTW][ABCDGIRSTW]*\)[	 ][	 ]*\([_A-Za-z][_A-Za-z0-9]*\)$/\1 \2 \2/p'\'' | sed '\''/ __gnu_lto/d'\'''
lt_cv_sys_global_symbol_to_c_name_address='sed -n -e '\''s/^: \([^ ]*\)[ ]*$/  {\"\1\", (void *) 0},/p'\'' -e '\''s/^[ABCDGIRSTW]* \([^ ]*\) \([^ ]*\)$/  {"\2", (void *) \&\2},/p'\'''
lt_cv_sys_global_symbol_to_c_name_address_lib_prefix='sed -n -e '\''s/^: \([^ ]*\)[ ]*$/  {\"\1\", (void *) 0},/p'\'' -e '\''s/^[ABCDGIRSTW]* \([^ ]*\) \(lib[^ ]*\)$/  {"\2", (void *) \&\2},/p'\'' -e '\''s/^[ABCDGIRSTW]* \([^ ]*\) \([^ ]*\)$/  {"lib\2", (void *) \&\2},/p'\'''
lt_cv_sys_global_symbol_to_cdecl='sed -n -e '\''s/^T .* \(.*\)$/extern int \1();/p'\'' -e '\''s/^[ABCDGIRSTW]* .* \(.*\)$/extern char \1;/p'\'''
lt_cv_sys_max_cmd_len=1572864
lt_cv_to_host_file_cmd=func_convert_file_noop
lt_cv_to_tool_file_cmd=func_convert_file_noop

## ----------------- ##
## Output variables. ##
## ----------------- ##

ACLOCAL='${SHELL} /home/jay/git/fileserver/deps/json-c/missing aclocal-1.14'
AMDEPBACKSLASH='\'
AMDEP_FALSE='#'
AMDEP_TRUE=''
AMTAR='$${TAR-tar}'
AM_BACKSLASH='\'
AM_DEFAULT_V='$(AM_DEFAULT_VERBOSITY)'
AM_DEFAULT_VERBOSITY='0'
AM_V='$(V)'
AR='ar'
AUTOCONF='${SHELL} /home/jay/git/fileserver/deps/json-c/missing autoconf'
AUTOHEADER='${SHELL} /home/jay/git/fileserver/deps/json-c/missing autoheader'
AUTOMAKE='${SHELL} /home/jay/git/fileserver/deps/json-c/missing automake-1.14'
AWK='gawk'
CC='gcc -std=gnu99'
CCDEPMODE='depmode=gcc3'
CFLAGS='-g -O2 -Wall -Werror -Wcast-qual -Wno-error=deprecated-declarations -Wextra -Wno-unused-parameter -D_GNU_SOURCE -D_REENTRANT'
CPP='gcc -std=gnu99 -E'
CPPFLAGS=''
CYGPATH_W='echo'
DEFS='-DHAVE_CONFIG_H'
DEPDIR='.deps'
DLLTOOL='false'
DSYMUTIL=''
DUMPBIN=''
ECHO_C=''
ECHO_N='-n'
ECHO_T=''
EGREP='/bin/grep -E'
EXEEXT=''
FGREP='/bin/grep -F'
GREP='/bin/grep'
INSTALL_DATA='${INSTALL} -m 644'
INSTALL_PROGRAM='${INSTALL}'
INSTALL_SCRIPT='${INSTALL}'
INSTALL_STRIP_PROGRAM='$(install_sh) -c -s'
JSON_BSYMBOLIC_LDFLAGS='-Wl,-Bsymbolic-functions'
LD='/usr/bin/ld'
LDFLAGS=''
LIBOBJS=''
LIBS=''
LIBTOOL='$(SHELL) $(top_builddir)/libtool'
LIPO=''
LN_S='ln -s'
LTLIBOBJS=''
MAKEINFO='${SHELL} /home/jay/git/fileserver/deps/json-c/missing makeinfo'
MANIFEST_TOOL=':'
MKDIR_P='/bin/mkdir -p'
NM='/usr/bin/nm -B'
NMEDIT=''
OBJDUMP='objdump'
OBJEXT='o'
OTOOL64=''
OTOOL=''
PACKAGE='json-c'
PACKAGE_BUGREPORT='json-c@googlegroups.com'
PACKAGE_NAME='json-c'
PACKAGE_STRING='json-c 0.12.99'
PACKAGE_TARNAME='json-c'
PACKAGE_URL=''
PACKAGE_VERSION='0.12.99'
PATH_SEPARATOR=':'
RANLIB='ranlib'
SED='/bin/sed'
SET_MAKE=''
SHELL='/bin/bash'
STRIP='strip'
VERSION='0.12.99'
ac_ct_AR='ar'
ac_ct_CC='gcc'
ac_ct_DUMPBIN=''
am__EXEEXT_FALSE=''
am__EXEEXT_TRUE='#'
am__fastdepCC_FALSE='#'
am__fastdepCC_TRUE=''
am__include='include'
am__isrc=''
am__leading_dot='.'
am__nodep='_no'
am__quote=''
am__tar='$${TAR-tar} chof - "$$tardir"'
am__untar='$${TAR-tar} xf -'
bindir='${exec_prefix}/bin'
build='x86_64-unknown-linux-gnu'
build_alias=''
build_cpu='x86_64'
build_os='linux-gnu'
build_vendor='unknown'
datadir='${datarootdir}'
datarootdir='${prefix}/share'
docdir='${datarootdir}/doc/${PACKAGE_TARNAME}'
dvidir='${docdir}'
exec_prefix='${prefix}'
host='x86_64-unknown-linux-gnu'
host_alias=''
host_cpu='x86_64'
host_os='linux-gnu'
host_vendor='unknown'
htmldir='${docdir}'
includedir='${prefix}/include'
infodir='${datarootdir}/info'
install_sh='${SHELL} /home/jay/git/fileserver/deps/json-c/install-sh'
libdir='${exec_prefix}/lib'
libexecdir='${exec_prefix}/libexec'
localedir='${datarootdir}/locale'
localstatedir='${prefix}/var'
mandir='${datarootdir}/man'
mkdir_p='$(MKDIR_P)'
oldincludedir='/usr/include'
pdfdir='${docdir}'
prefix='/usr/local'
program_transform_name='s,x,x,'
psdir='${docdir}'
sbindir='${exec_prefix}/sbin'
sharedstatedir='${prefix}/com'
sysconfdir='${prefix}/etc'
target_alias=''

## ----------- ##
## confdefs.h. ##
## ----------- ##

/* confdefs.h */
#define PACKAGE_NAME "json-c"
#define PACKAGE_TARNAME "json-c"
#define PACKAGE_VERSION "0.12.99"
#define PACKAGE_STRING "json-c 0.12.99"
#define PACKAGE_BUGREPORT "json-c@googlegroups.com"
#define PACKAGE_URL ""
#define PACKAGE "json-c"
#define VERSION "0.12.99"
#define STDC_HEADERS 1
#define HAVE_SYS_TYPES_H 1
#define HAVE_SYS_STAT_H 1
#define HAVE_STDLIB_H 1
#define HAVE_STRING_H 1
#define HAVE_MEMORY_H 1
#define HAVE_STRINGS_H 1
#define HAVE_INTTYPES_H 1
#define HAVE_STDINT_H 1
#define HAVE_UNISTD_H 1
#define HAVE_FCNTL_H 1
#define HAVE_LIMITS_H 1
#define HAVE_STRINGS_H 1
#define HAVE_SYSLOG_H 1
#define HAVE_UNISTD_H 1
#define HAVE_SYS_CDEFS_H 1
#define HAVE_SYS_PARAM_H 1
#define HAVE_STDARG_H 1
#define HAVE_LOCALE_H 1
#define HAVE_XLOCALE_H 1
#define HAVE_ENDIAN_H 1
#define JSON_C_HAVE_INTTYPES_H 1
#define HAVE_VPRINTF 1
#define HAVE_REALLOC 1
#define HAVE_STRCASECMP 1
#define HAVE_STRDUP 1
#define HAVE_STRERROR 1
#define HAVE_SNPRINTF 1
#define HAVE_VSNPRINTF 1
#define HAVE_VASPRINTF 1
#define HAVE_OPEN 1
#define HAVE_VSYSLOG 1
#define HAVE_STRNCASECMP 1
#define HAVE_SETLOCALE 1
#define HAVE_USELOCALE 1
#define HAVE_DECL_INFINITY 1
#define HAVE_DECL_NAN 1
#define HAVE_DECL_ISNAN 1
#define HAVE_DECL_ISINF 1
#define HAVE_DECL__ISNAN 0
#define HAVE_DECL__FINITE 0
#define HAVE_DLFCN_H 1
#define LT_OBJDIR ".libs/"
#define SIZEOF_INT 4
#define SIZEOF_LONG 8
#define SIZEOF_SIZE_T 8

configure: exit 0
